<?xml version="1.0" encoding="UTF-8"?>
<testsuite xmlns:xsi="http://www.w3.org/2001/XMLSchema-instance" xsi:noNamespaceSchemaLocation="https://maven.apache.org/surefire/maven-surefire-plugin/xsd/surefire-test-report.xsd" name="io.project.SchedulePMABot.SchedulePmaBotApplicationTests" time="3.995" tests="1" errors="0" skipped="0" failures="0">
  <properties>
    <property name="java.specification.version" value="17"/>
    <property name="sun.cpu.isalist" value="amd64"/>
    <property name="sun.jnu.encoding" value="Cp1251"/>
    <property name="java.class.path" value="C:\Users\PcToy\Downloads\SchedulePMABot\SchedulePMABot\target\test-classes;C:\Users\PcToy\Downloads\SchedulePMABot\SchedulePMABot\target\classes;C:\Users\PcToy\.m2\repository\org\projectlombok\lombok\1.18.24\lombok-1.18.24.jar;C:\Users\PcToy\.m2\repository\org\telegram\telegrambots\6.1.0\telegrambots-6.1.0.jar;C:\Users\PcToy\.m2\repository\org\telegram\telegrambots-meta\6.1.0\telegrambots-meta-6.1.0.jar;C:\Users\PcToy\.m2\repository\com\google\guava\guava\31.1-jre\guava-31.1-jre.jar;C:\Users\PcToy\.m2\repository\com\google\guava\failureaccess\1.0.1\failureaccess-1.0.1.jar;C:\Users\PcToy\.m2\repository\com\google\guava\listenablefuture\9999.0-empty-to-avoid-conflict-with-guava\listenablefuture-9999.0-empty-to-avoid-conflict-with-guava.jar;C:\Users\PcToy\.m2\repository\com\google\code\findbugs\jsr305\3.0.2\jsr305-3.0.2.jar;C:\Users\PcToy\.m2\repository\org\checkerframework\checker-qual\3.12.0\checker-qual-3.12.0.jar;C:\Users\PcToy\.m2\repository\com\google\errorprone\error_prone_annotations\2.11.0\error_prone_annotations-2.11.0.jar;C:\Users\PcToy\.m2\repository\com\google\j2objc\j2objc-annotations\1.3\j2objc-annotations-1.3.jar;C:\Users\PcToy\.m2\repository\com\fasterxml\jackson\core\jackson-annotations\2.14.1\jackson-annotations-2.14.1.jar;C:\Users\PcToy\.m2\repository\com\fasterxml\jackson\jaxrs\jackson-jaxrs-json-provider\2.14.1\jackson-jaxrs-json-provider-2.14.1.jar;C:\Users\PcToy\.m2\repository\com\fasterxml\jackson\jaxrs\jackson-jaxrs-base\2.14.1\jackson-jaxrs-base-2.14.1.jar;C:\Users\PcToy\.m2\repository\com\fasterxml\jackson\module\jackson-module-jaxb-annotations\2.14.1\jackson-module-jaxb-annotations-2.14.1.jar;C:\Users\PcToy\.m2\repository\com\fasterxml\jackson\core\jackson-core\2.14.1\jackson-core-2.14.1.jar;C:\Users\PcToy\.m2\repository\com\fasterxml\jackson\core\jackson-databind\2.14.1\jackson-databind-2.14.1.jar;C:\Users\PcToy\.m2\repository\org\glassfish\jersey\inject\jersey-hk2\3.1.0\jersey-hk2-3.1.0.jar;C:\Users\PcToy\.m2\repository\org\glassfish\jersey\core\jersey-common\3.1.0\jersey-common-3.1.0.jar;C:\Users\PcToy\.m2\repository\org\glassfish\hk2\osgi-resource-locator\1.0.3\osgi-resource-locator-1.0.3.jar;C:\Users\PcToy\.m2\repository\org\glassfish\hk2\hk2-locator\3.0.3\hk2-locator-3.0.3.jar;C:\Users\PcToy\.m2\repository\org\glassfish\hk2\external\aopalliance-repackaged\3.0.3\aopalliance-repackaged-3.0.3.jar;C:\Users\PcToy\.m2\repository\org\glassfish\hk2\hk2-api\3.0.3\hk2-api-3.0.3.jar;C:\Users\PcToy\.m2\repository\org\glassfish\hk2\hk2-utils\3.0.3\hk2-utils-3.0.3.jar;C:\Users\PcToy\.m2\repository\org\javassist\javassist\3.28.0-GA\javassist-3.28.0-GA.jar;C:\Users\PcToy\.m2\repository\org\glassfish\jersey\media\jersey-media-json-jackson\3.1.0\jersey-media-json-jackson-3.1.0.jar;C:\Users\PcToy\.m2\repository\org\glassfish\jersey\ext\jersey-entity-filtering\3.1.0\jersey-entity-filtering-3.1.0.jar;C:\Users\PcToy\.m2\repository\com\fasterxml\jackson\module\jackson-module-jakarta-xmlbind-annotations\2.14.1\jackson-module-jakarta-xmlbind-annotations-2.14.1.jar;C:\Users\PcToy\.m2\repository\org\glassfish\jersey\containers\jersey-container-grizzly2-http\3.1.0\jersey-container-grizzly2-http-3.1.0.jar;C:\Users\PcToy\.m2\repository\jakarta\inject\jakarta.inject-api\2.0.1\jakarta.inject-api-2.0.1.jar;C:\Users\PcToy\.m2\repository\org\glassfish\grizzly\grizzly-http-server\4.0.0\grizzly-http-server-4.0.0.jar;C:\Users\PcToy\.m2\repository\org\glassfish\grizzly\grizzly-http\4.0.0\grizzly-http-4.0.0.jar;C:\Users\PcToy\.m2\repository\org\glassfish\grizzly\grizzly-framework\4.0.0\grizzly-framework-4.0.0.jar;C:\Users\PcToy\.m2\repository\jakarta\ws\rs\jakarta.ws.rs-api\3.1.0\jakarta.ws.rs-api-3.1.0.jar;C:\Users\PcToy\.m2\repository\org\glassfish\jersey\core\jersey-server\3.1.0\jersey-server-3.1.0.jar;C:\Users\PcToy\.m2\repository\org\glassfish\jersey\core\jersey-client\3.1.0\jersey-client-3.1.0.jar;C:\Users\PcToy\.m2\repository\jakarta\validation\jakarta.validation-api\3.0.2\jakarta.validation-api-3.0.2.jar;C:\Users\PcToy\.m2\repository\org\json\json\20220320\json-20220320.jar;C:\Users\PcToy\.m2\repository\org\apache\httpcomponents\httpclient\4.5.14\httpclient-4.5.14.jar;C:\Users\PcToy\.m2\repository\org\apache\httpcomponents\httpcore\4.4.16\httpcore-4.4.16.jar;C:\Users\PcToy\.m2\repository\commons-codec\commons-codec\1.15\commons-codec-1.15.jar;C:\Users\PcToy\.m2\repository\org\apache\httpcomponents\httpmime\4.5.14\httpmime-4.5.14.jar;C:\Users\PcToy\.m2\repository\commons-io\commons-io\2.11.0\commons-io-2.11.0.jar;C:\Users\PcToy\.m2\repository\org\slf4j\slf4j-api\2.0.6\slf4j-api-2.0.6.jar;C:\Users\PcToy\.m2\repository\org\springframework\boot\spring-boot-starter\3.0.1\spring-boot-starter-3.0.1.jar;C:\Users\PcToy\.m2\repository\org\springframework\boot\spring-boot\3.0.1\spring-boot-3.0.1.jar;C:\Users\PcToy\.m2\repository\org\springframework\spring-context\6.0.3\spring-context-6.0.3.jar;C:\Users\PcToy\.m2\repository\org\springframework\spring-aop\6.0.3\spring-aop-6.0.3.jar;C:\Users\PcToy\.m2\repository\org\springframework\spring-beans\6.0.3\spring-beans-6.0.3.jar;C:\Users\PcToy\.m2\repository\org\springframework\spring-expression\6.0.3\spring-expression-6.0.3.jar;C:\Users\PcToy\.m2\repository\org\springframework\boot\spring-boot-autoconfigure\3.0.1\spring-boot-autoconfigure-3.0.1.jar;C:\Users\PcToy\.m2\repository\org\springframework\boot\spring-boot-starter-logging\3.0.1\spring-boot-starter-logging-3.0.1.jar;C:\Users\PcToy\.m2\repository\ch\qos\logback\logback-classic\1.4.5\logback-classic-1.4.5.jar;C:\Users\PcToy\.m2\repository\ch\qos\logback\logback-core\1.4.5\logback-core-1.4.5.jar;C:\Users\PcToy\.m2\repository\org\apache\logging\log4j\log4j-to-slf4j\2.19.0\log4j-to-slf4j-2.19.0.jar;C:\Users\PcToy\.m2\repository\org\apache\logging\log4j\log4j-api\2.19.0\log4j-api-2.19.0.jar;C:\Users\PcToy\.m2\repository\org\slf4j\jul-to-slf4j\2.0.6\jul-to-slf4j-2.0.6.jar;C:\Users\PcToy\.m2\repository\jakarta\annotation\jakarta.annotation-api\2.1.1\jakarta.annotation-api-2.1.1.jar;C:\Users\PcToy\.m2\repository\org\springframework\spring-core\6.0.3\spring-core-6.0.3.jar;C:\Users\PcToy\.m2\repository\org\springframework\spring-jcl\6.0.3\spring-jcl-6.0.3.jar;C:\Users\PcToy\.m2\repository\org\yaml\snakeyaml\1.33\snakeyaml-1.33.jar;C:\Users\PcToy\.m2\repository\org\springframework\boot\spring-boot-starter-test\3.0.1\spring-boot-starter-test-3.0.1.jar;C:\Users\PcToy\.m2\repository\org\springframework\boot\spring-boot-test\3.0.1\spring-boot-test-3.0.1.jar;C:\Users\PcToy\.m2\repository\org\springframework\boot\spring-boot-test-autoconfigure\3.0.1\spring-boot-test-autoconfigure-3.0.1.jar;C:\Users\PcToy\.m2\repository\com\jayway\jsonpath\json-path\2.7.0\json-path-2.7.0.jar;C:\Users\PcToy\.m2\repository\net\minidev\json-smart\2.4.8\json-smart-2.4.8.jar;C:\Users\PcToy\.m2\repository\net\minidev\accessors-smart\2.4.8\accessors-smart-2.4.8.jar;C:\Users\PcToy\.m2\repository\org\ow2\asm\asm\9.1\asm-9.1.jar;C:\Users\PcToy\.m2\repository\jakarta\xml\bind\jakarta.xml.bind-api\4.0.0\jakarta.xml.bind-api-4.0.0.jar;C:\Users\PcToy\.m2\repository\jakarta\activation\jakarta.activation-api\2.1.0\jakarta.activation-api-2.1.0.jar;C:\Users\PcToy\.m2\repository\org\assertj\assertj-core\3.23.1\assertj-core-3.23.1.jar;C:\Users\PcToy\.m2\repository\net\bytebuddy\byte-buddy\1.12.20\byte-buddy-1.12.20.jar;C:\Users\PcToy\.m2\repository\org\hamcrest\hamcrest\2.2\hamcrest-2.2.jar;C:\Users\PcToy\.m2\repository\org\junit\jupiter\junit-jupiter\5.9.1\junit-jupiter-5.9.1.jar;C:\Users\PcToy\.m2\repository\org\junit\jupiter\junit-jupiter-api\5.9.1\junit-jupiter-api-5.9.1.jar;C:\Users\PcToy\.m2\repository\org\opentest4j\opentest4j\1.2.0\opentest4j-1.2.0.jar;C:\Users\PcToy\.m2\repository\org\junit\platform\junit-platform-commons\1.9.1\junit-platform-commons-1.9.1.jar;C:\Users\PcToy\.m2\repository\org\apiguardian\apiguardian-api\1.1.2\apiguardian-api-1.1.2.jar;C:\Users\PcToy\.m2\repository\org\junit\jupiter\junit-jupiter-params\5.9.1\junit-jupiter-params-5.9.1.jar;C:\Users\PcToy\.m2\repository\org\junit\jupiter\junit-jupiter-engine\5.9.1\junit-jupiter-engine-5.9.1.jar;C:\Users\PcToy\.m2\repository\org\junit\platform\junit-platform-engine\1.9.1\junit-platform-engine-1.9.1.jar;C:\Users\PcToy\.m2\repository\org\mockito\mockito-core\4.8.1\mockito-core-4.8.1.jar;C:\Users\PcToy\.m2\repository\net\bytebuddy\byte-buddy-agent\1.12.20\byte-buddy-agent-1.12.20.jar;C:\Users\PcToy\.m2\repository\org\objenesis\objenesis\3.2\objenesis-3.2.jar;C:\Users\PcToy\.m2\repository\org\mockito\mockito-junit-jupiter\4.8.1\mockito-junit-jupiter-4.8.1.jar;C:\Users\PcToy\.m2\repository\org\skyscreamer\jsonassert\1.5.1\jsonassert-1.5.1.jar;C:\Users\PcToy\.m2\repository\com\vaadin\external\google\android-json\0.0.20131108.vaadin1\android-json-0.0.20131108.vaadin1.jar;C:\Users\PcToy\.m2\repository\org\springframework\spring-test\6.0.3\spring-test-6.0.3.jar;C:\Users\PcToy\.m2\repository\org\xmlunit\xmlunit-core\2.9.0\xmlunit-core-2.9.0.jar;"/>
    <property name="java.vm.vendor" value="Amazon.com Inc."/>
    <property name="sun.arch.data.model" value="64"/>
    <property name="user.variant" value=""/>
    <property name="java.vendor.url" value="https://aws.amazon.com/corretto/"/>
    <property name="user.timezone" value="Europe/Chisinau"/>
    <property name="user.country.format" value="UA"/>
    <property name="os.name" value="Windows 10"/>
    <property name="java.vm.specification.version" value="17"/>
    <property name="sun.java.launcher" value="SUN_STANDARD"/>
    <property name="user.country" value="RU"/>
    <property name="sun.boot.library.path" value="C:\Users\PcToy\.jdks\corretto-17.0.4\bin"/>
    <property name="sun.java.command" value="C:\Users\PcToy\AppData\Local\Temp\surefire6918203859906023649\surefirebooter4620860738602462208.jar C:\Users\PcToy\AppData\Local\Temp\surefire6918203859906023649 2022-12-25T00-46-39_870-jvmRun1 surefire16977927868262310598tmp surefire_02226723241654995084tmp"/>
    <property name="jdk.debug" value="release"/>
    <property name="surefire.test.class.path" value="C:\Users\PcToy\Downloads\SchedulePMABot\SchedulePMABot\target\test-classes;C:\Users\PcToy\Downloads\SchedulePMABot\SchedulePMABot\target\classes;C:\Users\PcToy\.m2\repository\org\projectlombok\lombok\1.18.24\lombok-1.18.24.jar;C:\Users\PcToy\.m2\repository\org\telegram\telegrambots\6.1.0\telegrambots-6.1.0.jar;C:\Users\PcToy\.m2\repository\org\telegram\telegrambots-meta\6.1.0\telegrambots-meta-6.1.0.jar;C:\Users\PcToy\.m2\repository\com\google\guava\guava\31.1-jre\guava-31.1-jre.jar;C:\Users\PcToy\.m2\repository\com\google\guava\failureaccess\1.0.1\failureaccess-1.0.1.jar;C:\Users\PcToy\.m2\repository\com\google\guava\listenablefuture\9999.0-empty-to-avoid-conflict-with-guava\listenablefuture-9999.0-empty-to-avoid-conflict-with-guava.jar;C:\Users\PcToy\.m2\repository\com\google\code\findbugs\jsr305\3.0.2\jsr305-3.0.2.jar;C:\Users\PcToy\.m2\repository\org\checkerframework\checker-qual\3.12.0\checker-qual-3.12.0.jar;C:\Users\PcToy\.m2\repository\com\google\errorprone\error_prone_annotations\2.11.0\error_prone_annotations-2.11.0.jar;C:\Users\PcToy\.m2\repository\com\google\j2objc\j2objc-annotations\1.3\j2objc-annotations-1.3.jar;C:\Users\PcToy\.m2\repository\com\fasterxml\jackson\core\jackson-annotations\2.14.1\jackson-annotations-2.14.1.jar;C:\Users\PcToy\.m2\repository\com\fasterxml\jackson\jaxrs\jackson-jaxrs-json-provider\2.14.1\jackson-jaxrs-json-provider-2.14.1.jar;C:\Users\PcToy\.m2\repository\com\fasterxml\jackson\jaxrs\jackson-jaxrs-base\2.14.1\jackson-jaxrs-base-2.14.1.jar;C:\Users\PcToy\.m2\repository\com\fasterxml\jackson\module\jackson-module-jaxb-annotations\2.14.1\jackson-module-jaxb-annotations-2.14.1.jar;C:\Users\PcToy\.m2\repository\com\fasterxml\jackson\core\jackson-core\2.14.1\jackson-core-2.14.1.jar;C:\Users\PcToy\.m2\repository\com\fasterxml\jackson\core\jackson-databind\2.14.1\jackson-databind-2.14.1.jar;C:\Users\PcToy\.m2\repository\org\glassfish\jersey\inject\jersey-hk2\3.1.0\jersey-hk2-3.1.0.jar;C:\Users\PcToy\.m2\repository\org\glassfish\jersey\core\jersey-common\3.1.0\jersey-common-3.1.0.jar;C:\Users\PcToy\.m2\repository\org\glassfish\hk2\osgi-resource-locator\1.0.3\osgi-resource-locator-1.0.3.jar;C:\Users\PcToy\.m2\repository\org\glassfish\hk2\hk2-locator\3.0.3\hk2-locator-3.0.3.jar;C:\Users\PcToy\.m2\repository\org\glassfish\hk2\external\aopalliance-repackaged\3.0.3\aopalliance-repackaged-3.0.3.jar;C:\Users\PcToy\.m2\repository\org\glassfish\hk2\hk2-api\3.0.3\hk2-api-3.0.3.jar;C:\Users\PcToy\.m2\repository\org\glassfish\hk2\hk2-utils\3.0.3\hk2-utils-3.0.3.jar;C:\Users\PcToy\.m2\repository\org\javassist\javassist\3.28.0-GA\javassist-3.28.0-GA.jar;C:\Users\PcToy\.m2\repository\org\glassfish\jersey\media\jersey-media-json-jackson\3.1.0\jersey-media-json-jackson-3.1.0.jar;C:\Users\PcToy\.m2\repository\org\glassfish\jersey\ext\jersey-entity-filtering\3.1.0\jersey-entity-filtering-3.1.0.jar;C:\Users\PcToy\.m2\repository\com\fasterxml\jackson\module\jackson-module-jakarta-xmlbind-annotations\2.14.1\jackson-module-jakarta-xmlbind-annotations-2.14.1.jar;C:\Users\PcToy\.m2\repository\org\glassfish\jersey\containers\jersey-container-grizzly2-http\3.1.0\jersey-container-grizzly2-http-3.1.0.jar;C:\Users\PcToy\.m2\repository\jakarta\inject\jakarta.inject-api\2.0.1\jakarta.inject-api-2.0.1.jar;C:\Users\PcToy\.m2\repository\org\glassfish\grizzly\grizzly-http-server\4.0.0\grizzly-http-server-4.0.0.jar;C:\Users\PcToy\.m2\repository\org\glassfish\grizzly\grizzly-http\4.0.0\grizzly-http-4.0.0.jar;C:\Users\PcToy\.m2\repository\org\glassfish\grizzly\grizzly-framework\4.0.0\grizzly-framework-4.0.0.jar;C:\Users\PcToy\.m2\repository\jakarta\ws\rs\jakarta.ws.rs-api\3.1.0\jakarta.ws.rs-api-3.1.0.jar;C:\Users\PcToy\.m2\repository\org\glassfish\jersey\core\jersey-server\3.1.0\jersey-server-3.1.0.jar;C:\Users\PcToy\.m2\repository\org\glassfish\jersey\core\jersey-client\3.1.0\jersey-client-3.1.0.jar;C:\Users\PcToy\.m2\repository\jakarta\validation\jakarta.validation-api\3.0.2\jakarta.validation-api-3.0.2.jar;C:\Users\PcToy\.m2\repository\org\json\json\20220320\json-20220320.jar;C:\Users\PcToy\.m2\repository\org\apache\httpcomponents\httpclient\4.5.14\httpclient-4.5.14.jar;C:\Users\PcToy\.m2\repository\org\apache\httpcomponents\httpcore\4.4.16\httpcore-4.4.16.jar;C:\Users\PcToy\.m2\repository\commons-codec\commons-codec\1.15\commons-codec-1.15.jar;C:\Users\PcToy\.m2\repository\org\apache\httpcomponents\httpmime\4.5.14\httpmime-4.5.14.jar;C:\Users\PcToy\.m2\repository\commons-io\commons-io\2.11.0\commons-io-2.11.0.jar;C:\Users\PcToy\.m2\repository\org\slf4j\slf4j-api\2.0.6\slf4j-api-2.0.6.jar;C:\Users\PcToy\.m2\repository\org\springframework\boot\spring-boot-starter\3.0.1\spring-boot-starter-3.0.1.jar;C:\Users\PcToy\.m2\repository\org\springframework\boot\spring-boot\3.0.1\spring-boot-3.0.1.jar;C:\Users\PcToy\.m2\repository\org\springframework\spring-context\6.0.3\spring-context-6.0.3.jar;C:\Users\PcToy\.m2\repository\org\springframework\spring-aop\6.0.3\spring-aop-6.0.3.jar;C:\Users\PcToy\.m2\repository\org\springframework\spring-beans\6.0.3\spring-beans-6.0.3.jar;C:\Users\PcToy\.m2\repository\org\springframework\spring-expression\6.0.3\spring-expression-6.0.3.jar;C:\Users\PcToy\.m2\repository\org\springframework\boot\spring-boot-autoconfigure\3.0.1\spring-boot-autoconfigure-3.0.1.jar;C:\Users\PcToy\.m2\repository\org\springframework\boot\spring-boot-starter-logging\3.0.1\spring-boot-starter-logging-3.0.1.jar;C:\Users\PcToy\.m2\repository\ch\qos\logback\logback-classic\1.4.5\logback-classic-1.4.5.jar;C:\Users\PcToy\.m2\repository\ch\qos\logback\logback-core\1.4.5\logback-core-1.4.5.jar;C:\Users\PcToy\.m2\repository\org\apache\logging\log4j\log4j-to-slf4j\2.19.0\log4j-to-slf4j-2.19.0.jar;C:\Users\PcToy\.m2\repository\org\apache\logging\log4j\log4j-api\2.19.0\log4j-api-2.19.0.jar;C:\Users\PcToy\.m2\repository\org\slf4j\jul-to-slf4j\2.0.6\jul-to-slf4j-2.0.6.jar;C:\Users\PcToy\.m2\repository\jakarta\annotation\jakarta.annotation-api\2.1.1\jakarta.annotation-api-2.1.1.jar;C:\Users\PcToy\.m2\repository\org\springframework\spring-core\6.0.3\spring-core-6.0.3.jar;C:\Users\PcToy\.m2\repository\org\springframework\spring-jcl\6.0.3\spring-jcl-6.0.3.jar;C:\Users\PcToy\.m2\repository\org\yaml\snakeyaml\1.33\snakeyaml-1.33.jar;C:\Users\PcToy\.m2\repository\org\springframework\boot\spring-boot-starter-test\3.0.1\spring-boot-starter-test-3.0.1.jar;C:\Users\PcToy\.m2\repository\org\springframework\boot\spring-boot-test\3.0.1\spring-boot-test-3.0.1.jar;C:\Users\PcToy\.m2\repository\org\springframework\boot\spring-boot-test-autoconfigure\3.0.1\spring-boot-test-autoconfigure-3.0.1.jar;C:\Users\PcToy\.m2\repository\com\jayway\jsonpath\json-path\2.7.0\json-path-2.7.0.jar;C:\Users\PcToy\.m2\repository\net\minidev\json-smart\2.4.8\json-smart-2.4.8.jar;C:\Users\PcToy\.m2\repository\net\minidev\accessors-smart\2.4.8\accessors-smart-2.4.8.jar;C:\Users\PcToy\.m2\repository\org\ow2\asm\asm\9.1\asm-9.1.jar;C:\Users\PcToy\.m2\repository\jakarta\xml\bind\jakarta.xml.bind-api\4.0.0\jakarta.xml.bind-api-4.0.0.jar;C:\Users\PcToy\.m2\repository\jakarta\activation\jakarta.activation-api\2.1.0\jakarta.activation-api-2.1.0.jar;C:\Users\PcToy\.m2\repository\org\assertj\assertj-core\3.23.1\assertj-core-3.23.1.jar;C:\Users\PcToy\.m2\repository\net\bytebuddy\byte-buddy\1.12.20\byte-buddy-1.12.20.jar;C:\Users\PcToy\.m2\repository\org\hamcrest\hamcrest\2.2\hamcrest-2.2.jar;C:\Users\PcToy\.m2\repository\org\junit\jupiter\junit-jupiter\5.9.1\junit-jupiter-5.9.1.jar;C:\Users\PcToy\.m2\repository\org\junit\jupiter\junit-jupiter-api\5.9.1\junit-jupiter-api-5.9.1.jar;C:\Users\PcToy\.m2\repository\org\opentest4j\opentest4j\1.2.0\opentest4j-1.2.0.jar;C:\Users\PcToy\.m2\repository\org\junit\platform\junit-platform-commons\1.9.1\junit-platform-commons-1.9.1.jar;C:\Users\PcToy\.m2\repository\org\apiguardian\apiguardian-api\1.1.2\apiguardian-api-1.1.2.jar;C:\Users\PcToy\.m2\repository\org\junit\jupiter\junit-jupiter-params\5.9.1\junit-jupiter-params-5.9.1.jar;C:\Users\PcToy\.m2\repository\org\junit\jupiter\junit-jupiter-engine\5.9.1\junit-jupiter-engine-5.9.1.jar;C:\Users\PcToy\.m2\repository\org\junit\platform\junit-platform-engine\1.9.1\junit-platform-engine-1.9.1.jar;C:\Users\PcToy\.m2\repository\org\mockito\mockito-core\4.8.1\mockito-core-4.8.1.jar;C:\Users\PcToy\.m2\repository\net\bytebuddy\byte-buddy-agent\1.12.20\byte-buddy-agent-1.12.20.jar;C:\Users\PcToy\.m2\repository\org\objenesis\objenesis\3.2\objenesis-3.2.jar;C:\Users\PcToy\.m2\repository\org\mockito\mockito-junit-jupiter\4.8.1\mockito-junit-jupiter-4.8.1.jar;C:\Users\PcToy\.m2\repository\org\skyscreamer\jsonassert\1.5.1\jsonassert-1.5.1.jar;C:\Users\PcToy\.m2\repository\com\vaadin\external\google\android-json\0.0.20131108.vaadin1\android-json-0.0.20131108.vaadin1.jar;C:\Users\PcToy\.m2\repository\org\springframework\spring-test\6.0.3\spring-test-6.0.3.jar;C:\Users\PcToy\.m2\repository\org\xmlunit\xmlunit-core\2.9.0\xmlunit-core-2.9.0.jar;"/>
    <property name="sun.cpu.endian" value="little"/>
    <property name="user.home" value="C:\Users\PcToy"/>
    <property name="user.language" value="ru"/>
    <property name="java.specification.vendor" value="Oracle Corporation"/>
    <property name="java.version.date" value="2022-07-19"/>
    <property name="java.home" value="C:\Users\PcToy\.jdks\corretto-17.0.4"/>
    <property name="file.separator" value="\"/>
    <property name="basedir" value="C:\Users\PcToy\Downloads\SchedulePMABot\SchedulePMABot"/>
    <property name="java.vm.compressedOopsMode" value="32-bit"/>
    <property name="line.separator" value="&#10;"/>
    <property name="java.vm.specification.vendor" value="Oracle Corporation"/>
    <property name="java.specification.name" value="Java Platform API Specification"/>
    <property name="surefire.real.class.path" value="C:\Users\PcToy\AppData\Local\Temp\surefire6918203859906023649\surefirebooter4620860738602462208.jar"/>
    <property name="user.script" value=""/>
    <property name="sun.management.compiler" value="HotSpot 64-Bit Tiered Compilers"/>
    <property name="java.runtime.version" value="17.0.4+8-LTS"/>
    <property name="user.name" value="PcToy"/>
    <property name="path.separator" value=";"/>
    <property name="os.version" value="10.0"/>
    <property name="java.runtime.name" value="OpenJDK Runtime Environment"/>
    <property name="file.encoding" value="Cp1251"/>
    <property name="java.vm.name" value="OpenJDK 64-Bit Server VM"/>
    <property name="java.vendor.version" value="Corretto-17.0.4.8.1"/>
    <property name="localRepository" value="C:\Users\PcToy\.m2\repository"/>
    <property name="java.vendor.url.bug" value="https://github.com/corretto/corretto-17/issues/"/>
    <property name="java.io.tmpdir" value="C:\Users\PcToy\AppData\Local\Temp\"/>
    <property name="idea.version" value="2022.2"/>
    <property name="java.version" value="17.0.4"/>
    <property name="user.dir" value="C:\Users\PcToy\Downloads\SchedulePMABot\SchedulePMABot"/>
    <property name="os.arch" value="amd64"/>
    <property name="java.vm.specification.name" value="Java Virtual Machine Specification"/>
    <property name="user.language.format" value="uk"/>
    <property name="sun.os.patch.level" value=""/>
    <property name="native.encoding" value="Cp1251"/>
    <property name="java.library.path" value="C:\Users\PcToy\.jdks\corretto-17.0.4\bin;C:\WINDOWS\Sun\Java\bin;C:\WINDOWS\system32;C:\WINDOWS;C:\Program Files (x86)\Common Files\Oracle\Java\javapath;C:\Program Files (x86)\NVIDIA Corporation\PhysX\Common;C:\WINDOWS\system32;C:\WINDOWS;C:\WINDOWS\System32\Wbem;C:\WINDOWS\System32\WindowsPowerShell\v1.0\;C:\WINDOWS\System32\OpenSSH\;C:\Program Files\Git\cmd;C:\Program Files (x86)\Maven\apache-maven-3.8.6\bin;;C:\Program Files\Docker\Docker\resources\bin;C:\Users\PcToy\AppData\Local\Microsoft\WindowsApps;;C:\Program Files\JetBrains\IntelliJ IDEA Community Edition 2021.1.3\bin;;C:\Program Files\JetBrains\IntelliJ IDEA 2022.2\bin;;."/>
    <property name="java.vm.info" value="mixed mode, sharing"/>
    <property name="java.vendor" value="Amazon.com Inc."/>
    <property name="java.vm.version" value="17.0.4+8-LTS"/>
    <property name="sun.io.unicode.encoding" value="UnicodeLittle"/>
    <property name="java.class.version" value="61.0"/>
  </properties>
  <testcase name="contextLoads" classname="io.project.SchedulePMABot.SchedulePmaBotApplicationTests" time="0.579"/>
</testsuite>